This is pdfTeX, Version 3.1415926-2.4-1.40.13 (TeX Live 2012) (format=latex 2012.6.30)  15 MAY 2013 15:17
entering extended mode
 restricted \write18 enabled.
 %&-line parsing enabled.
**/Library/WebServer/Documents/makebst/makebst.tex
(/Library/WebServer/Documents/makebst/merlin.mbs
LaTeX2e <2011/06/27>
Babel <v3.8m> and hyphenation patterns for english, dumylang, nohyphenation, ge
rman-x-2012-05-30, ngerman-x-2012-05-30, afrikaans, ancientgreek, ibycus, arabi
c, armenian, basque, bulgarian, catalan, pinyin, coptic, croatian, czech, danis
h, dutch, ukenglish, usenglishmax, esperanto, estonian, ethiopic, farsi, finnis
h, french, friulan, galician, german, ngerman, swissgerman, monogreek, greek, h
ungarian, icelandic, assamese, bengali, gujarati, hindi, kannada, malayalam, ma
rathi, oriya, panjabi, tamil, telugu, indonesian, interlingua, irish, italian, 
kurmanji, latin, latvian, lithuanian, mongolian, mongolianlmc, bokmal, nynorsk,
 polish, portuguese, romanian, romansh, russian, sanskrit, serbian, serbianc, s
lovak, slovenian, spanish, swedish, turkish, turkmen, ukrainian, uppersorbian, 
welsh, loaded.
(/usr/local/texlive/2012/texmf-dist/tex/latex/base/article.cls
Document Class: article 2007/10/19 v1.4h Standard LaTeX document class
(/usr/local/texlive/2012/texmf-dist/tex/latex/base/size10.clo
File: size10.clo 2007/10/19 v1.4h Standard LaTeX file (size option)
)
\c@part=\count79
\c@section=\count80
\c@subsection=\count81
\c@subsubsection=\count82
\c@paragraph=\count83
\c@subparagraph=\count84
\c@figure=\count85
\c@table=\count86
\abovecaptionskip=\skip41
\belowcaptionskip=\skip42
\bibindent=\dimen102
)
(/usr/local/texlive/2012/texmf-dist/tex/latex/base/doc.sty
Package: doc 2010/02/04 v2.1e Standard LaTeX documentation package (FMi)
\c@StandardModuleDepth=\count87
\guard@level=\count88
\MacrocodeTopsep=\skip43
\MacroIndent=\dimen103
\macro@cnt=\count89
\MacroTopsep=\skip44
\index@excludelist=\toks14

(/usr/local/texlive/2012/texmf-dist/tex/latex/tools/multicol.sty
Package: multicol 2011/06/27 v1.7a multicolumn formatting (FMi)
\c@tracingmulticols=\count90
\mult@box=\box26
\multicol@leftmargin=\dimen104
\c@unbalance=\count91
\c@collectmore=\count92
\doublecol@number=\count93
\multicoltolerance=\count94
\multicolpretolerance=\count95
\full@width=\dimen105
\page@free=\dimen106
\premulticols=\dimen107
\postmulticols=\dimen108
\multicolsep=\skip45
\multicolbaselineskip=\skip46
\partial@page=\box27
\last@line=\box28
\mult@rightbox=\box29
\mult@grightbox=\box30
\mult@gfirstbox=\box31
\mult@firstbox=\box32
\@tempa=\box33
\@tempa=\box34
\@tempa=\box35
\@tempa=\box36
\@tempa=\box37
\@tempa=\box38
\@tempa=\box39
\@tempa=\box40
\@tempa=\box41
\@tempa=\box42
\@tempa=\box43
\@tempa=\box44
\@tempa=\box45
\@tempa=\box46
\@tempa=\box47
\@tempa=\box48
\@tempa=\box49
\c@columnbadness=\count96
\c@finalcolumnbadness=\count97
\last@try=\dimen109
\multicolovershoot=\dimen110
\multicolundershoot=\dimen111
\mult@nat@firstbox=\box50
\colbreak@box=\box51
\multicol@sort@counter=\count98
)
\IndexMin=\dimen112
\c@IndexColumns=\count99
\GlossaryMin=\dimen113
\c@GlossaryColumns=\count100
\check@sum=\count101
\bslash@cnt=\count102
\wrong@table=\toks15
\c@CodelineNo=\count103
)
\@glossaryfile=\write3
\openout3 = `merlin.glo'.


Writing glossary file merlin.glo 
No file merlin.aux.
\openout1 = `merlin.aux'.

LaTeX Font Info:    Checking defaults for OML/cmm/m/it on input line 70.
LaTeX Font Info:    ... okay on input line 70.
LaTeX Font Info:    Checking defaults for T1/cmr/m/n on input line 70.
LaTeX Font Info:    ... okay on input line 70.
LaTeX Font Info:    Checking defaults for OT1/cmr/m/n on input line 70.
LaTeX Font Info:    ... okay on input line 70.
LaTeX Font Info:    Checking defaults for OMS/cmsy/m/n on input line 70.
LaTeX Font Info:    ... okay on input line 70.
LaTeX Font Info:    Checking defaults for OMX/cmex/m/n on input line 70.
LaTeX Font Info:    ... okay on input line 70.
LaTeX Font Info:    Checking defaults for U/cmr/m/n on input line 70.
LaTeX Font Info:    ... okay on input line 70.
(./merlin.mbs
File: merlin.mbs 2011/11/18 4.33 (PWD, AO, DPC)

***************************
* Character table correct *
***************************
LaTeX Font Info:    External font `cmex10' loaded for size
(Font)              <12> on input line 297.
LaTeX Font Info:    External font `cmex10' loaded for size
(Font)              <8> on input line 297.
LaTeX Font Info:    External font `cmex10' loaded for size
(Font)              <6> on input line 297.
LaTeX Font Info:    External font `cmex10' loaded for size
(Font)              <5> on input line 297.
Package doc Info: Made | a short reference for \verb on input line 299.
LaTeX Font Info:    External font `cmex10' loaded for size
(Font)              <7> on input line 311.
[1

]

LaTeX Warning: Reference `sec:jnames' on page 2 undefined on input line 392.


LaTeX Warning: Reference `sec:revtex' on page 2 undefined on input line 401.

[2] [3]

LaTeX Font Warning: Font shape `OT1/cmss/m/it' in size <10> not available
(Font)              Font shape `OT1/cmss/m/sl' tried instead on input line 466.


LaTeX Font Info:    Font shape `OT1/cmtt/bx/n' in size <12> not available
(Font)              Font shape `OT1/cmtt/m/n' tried instead on input line 470.

LaTeX Warning: Reference `sec:options' on page 4 undefined on input line 473.

[4] [5] [6]
LaTeX Font Info:    Try loading font information for OMS+cmr on input line 692.

 (/usr/local/texlive/2012/texmf-dist/tex/latex/base/omscmr.fd
File: omscmr.fd 1999/05/25 v2.5h Standard LaTeX font definitions
)
LaTeX Font Info:    Font shape `OMS/cmr/m/n' in size <10> not available
(Font)              Font shape `OMS/cmsy/m/n' tried instead on input line 692.

[7]
LaTeX Font Info:    Font shape `OT1/cmtt/bx/n' in size <14.4> not available
(Font)              Font shape `OT1/cmtt/m/n' tried instead on input line 697.


LaTeX Warning: Reference `sec:menu' on page 8 undefined on input line 749.

[8] [9]
Overfull \hbox (41.12914pt too wide) in paragraph at lines 816--818
[]\OT1/cmtt/m/n/10 \bibitem[\protect\citeauthoryear{long}{short}{year}]{key}...
 
 []


Overfull \hbox (14.87936pt too wide) in paragraph at lines 818--820
[]\OT1/cmtt/m/n/10 \bibitem[\protect\citeauthoryear{author}{year}]{key}... 
 []


Overfull \hbox (3.90926pt too wide) in paragraph at lines 820--823
[]\OT1/cmr/m/n/10 for the ``author--date'' group of styles (with \OT1/cmtt/m/n/
10 authordate1-4.sty\OT1/cmr/m/n/10 ) 
 []

[10] [11] [12]
Overfull \hbox (8.3535pt too wide) in paragraph at lines 989--991
[]\OT1/cmr/m/n/10 (with \OT1/cmtt/m/n/10 nmft\OT1/cmr/m/n/10 ) first names are 
in user de-fined font []\OT1/cmtt/m/n/10 \bibfnamefont{}\OT1/cmr/m/n/10 . 
 []

[13] [14] [15] [16]
Overfull \hbox (8.4935pt too wide) in paragraph at lines 1128--1129
[]\OT1/cmr/m/n/10 moves the num-ber/series to just be-fore the pub-lisher/organ
ization 
 []

[17] [18] [19] [20]
Overfull \hbox (11.5253pt too wide) in paragraph at lines 1314--1315
[][]\OT1/cmtt/m/n/10 %<*!options&!driver&!bblbst> \OT1/cmr/m/n/10 ... []\OT1/cm
tt/m/n/10 </!options&!driver&!bblbst> 
 []


LaTeX Warning: Reference `sec:update' on page 21 undefined on input line 1327.

LaTeX Font Info:    External font `cmex10' loaded for size
(Font)              <9> on input line 1388.
[21] [22] [23]
Overfull \hbox (30.49722pt too wide) in paragraph at lines 1488--1489
[][]\OT1/cmtt/m/n/10 \bibitem[Daly et al.(1990)Daly, Keppler, and Williams]{key
}... 
 []


Overfull \hbox (19.99731pt too wide) in paragraph at lines 1508--1509
[][]\OT1/cmtt/m/n/10 \bibitem[\protect\citeauthoryear{Daly et al.}{1990}]{key}.
.. 
 []


Overfull \hbox (2.72186pt too wide) in paragraph at lines 1515--1517
\OT1/cmr/m/n/10 Finally, there is the \OT1/cmtt/m/n/10 apalike \OT1/cmr/m/n/10 
for-mat of Oren Patash-nik, for use with \OT1/cmtt/m/n/10 apalike.sty
 []


Overfull \hbox (29.48749pt too wide) in paragraph at lines 1568--1568
 [][]\OT1/cmtt/m/n/9 \optdef{b}{alph}{Alpha style, Jon90 or JWB90}{for single o
r multiple authors} 
 []


Overfull \hbox (10.5877pt too wide) in paragraph at lines 1568--1568
 [][]\OT1/cmtt/m/n/9 \optdef{f}{alph,alf-f}{Alpha style, Jones90}{(full name of
 first author)} 
 []

[24]
Overfull \hbox (34.21243pt too wide) in paragraph at lines 1584--1584
 [][]\OT1/cmtt/m/n/9 \optdef{*}{harnm}{With Harvard extensions}{for LaTeX2e ver
sion of harvard.sty} 
 []

[25]
Overfull \hbox (43.66232pt too wide) in paragraph at lines 1596--1596
 [][]\OT1/cmtt/m/n/9 \optdef{l}{lang}{Add language field}{to switch hyphenation
 patterns temporarily} 
 []


Overfull \hbox (43.66232pt too wide) in paragraph at lines 1608--1608
 [][]\OT1/cmtt/m/n/9 \optdef{a}{annote}{Annotations}{in annote field or in .tex
 file of citekey name} 
 []

[26]
Overfull \hbox (43.66232pt too wide) in paragraph at lines 1685--1685
 [][]\OT1/cmtt/m/n/9 \optdef{k}{seq-key}{By label and cite key}{instead of labe
l and title, as above} 
 []


Overfull \hbox (29.48749pt too wide) in paragraph at lines 1685--1685
 [][]\OT1/cmtt/m/n/9 \optdef{d}{seq-yr}{Year ordered}{and then by authors (for 
publication lists)} 
 []


Overfull \hbox (53.11221pt too wide) in paragraph at lines 1685--1685
 [][]\OT1/cmtt/m/n/9 \optdef{r}{seq-yrr}{Reverse year ordered}{and then by auth
ors (most recent first)} 
 []


Overfull \hbox (34.21243pt too wide) in paragraph at lines 1685--1685
 [][]\OT1/cmtt/m/n/9 \optdef{c}{seq-no}{Citation order}{(unsorted, only meaning
ful for numericals)} 
 []


Overfull \hbox (15.31265pt too wide) in paragraph at lines 1709--1709
 [][]\OT1/cmtt/m/n/9 \optdef{*}{}{Respect first names}{or initials, treat as di
fferent authors} 
 []

[27]
Overfull \hbox (5.86276pt too wide) in paragraph at lines 1807--1807
 [][]\OT1/cmtt/m/n/9 \optdef{w}{nm-rvvc}{Surname + comma + spaceless initials}{
(Smith, J.F.)} 
 []

[28]
Overfull \hbox (1.13782pt too wide) in paragraph at lines 1807--1807
 [][]\OT1/cmtt/m/n/9 \optdef{*}{}{No `junior' part in the citations}{but in the
 ref listing} 
 []


Overfull \hbox (29.48749pt too wide) in paragraph at lines 1807--1807
 [][]\OT1/cmtt/m/n/9 \optdef{2}{nmdash,nmd-2}{Repeated author/editor names repl
aced by 2 dashes}{} 
 []


Overfull \hbox (29.48749pt too wide) in paragraph at lines 1807--1807
 [][]\OT1/cmtt/m/n/9 \optdef{3}{nmdash,nmd-3}{Repeated author/editor names repl
aced by 3 dashes}{} 
 []

[29]
Overfull \hbox (48.38727pt too wide) in paragraph at lines 1846--1846
 [][]\OT1/cmtt/m/n/9 \def\parsenum#1#2{\if#2\relax\wr{\spsp\spsp x#1,\pc: Maxim
um of #1\space authors} 
 []


Overfull \hbox (48.38727pt too wide) in paragraph at lines 1846--1846
 [][]\OT1/cmtt/m/n/9 \def\parsenum#1#2{\if#2\relax\wr{\spsp\spsp m#1,\pc: Minim
um of #1\space authors} 
 []

[30]
Overfull \hbox (2.02754pt too wide) in paragraph at lines 1890--1894
[]\OT1/cmr/m/n/10 Another pos-si-bil-ity is that the names be put into a com-ma
nd []\OT1/cmtt/m/n/10 \bibnamefont{..}\OT1/cmr/m/n/10 ,
 []


Overfull \hbox (15.31265pt too wide) in paragraph at lines 1931--1931
 [][]\OT1/cmtt/m/n/9 \optdef{i}{nmft,nmft-it}{Italic authors}{(\string\it\space
 or \string\em)} 
 []


Overfull \hbox (15.31265pt too wide) in paragraph at lines 1931--1931
 [][]\OT1/cmtt/m/n/9 \optdef{u}{nmft,nmft-def}{User defined author font}{(\stri
ng\bibnamefont)} 
 []


Overfull \hbox (29.48749pt too wide) in paragraph at lines 1931--1931
 [][]\OT1/cmtt/m/n/9 \optdef{u}{fnm-def}{First names in user defined font}{(\st
ring\bibfnamefont)} 
 []

[31]
Overfull \hbox (15.31265pt too wide) in paragraph at lines 1982--1982
 [][]\OT1/cmtt/m/n/9 \optdef{*}{}{Cited authors plain}{as result of \string\cit
e\space command} 
 []


Overfull \hbox (20.0376pt too wide) in paragraph at lines 1982--1982
 [][]\OT1/cmtt/m/n/9 \optdef{u}{lab,lab-def}{User defined citation font}{(\stri
ng\citenamefont)} 
 []

[32]
Overfull \hbox (48.38727pt too wide) in paragraph at lines 2007--2007
 [][]\OT1/cmtt/m/n/9 \optdef{*}{keyxyr}{Year blank when KEY replaces missing au
thor}{(for natbib 7.0)} 
 []

[33]
Overfull \hbox (34.21243pt too wide) in paragraph at lines 2043--2043
 [][]\OT1/cmtt/m/n/9 \optdef{j}{dt-jnl}{Date part of journal spec.}{(as 1994;45
:34-40) else at end} 
 []

[34] [35]
Overfull \hbox (34.21243pt too wide) in paragraph at lines 2200--2200
 [][]\OT1/cmtt/m/n/9 \optdef{q}{tit-qq,qt-s}{Title and punctuation in single qu
otes}{(`Title,' ..)} 
 []


Overfull \hbox (20.0376pt too wide) in paragraph at lines 2200--2200
 [][]\OT1/cmtt/m/n/9 \optdef{d}{tit-qq}{Title and punctuation in double quotes}
{(``Title,'' ..)} 
 []


Overfull \hbox (29.48749pt too wide) in paragraph at lines 2200--2200
 [][]\OT1/cmtt/m/n/9 \optdef{g}{tit-qq,qt-g}{Title and punctuation in guillemet
s}{(<<Title,>> ..)} 
 []


Overfull \hbox (10.5877pt too wide) in paragraph at lines 2200--2200
 [][]\OT1/cmtt/m/n/9 \optdef{*}{}{Sentence style}{(capitalize first word and th
ose in braces)} 
 []

[36] [37]
Overfull \hbox (20.0376pt too wide) in paragraph at lines 2293--2293
 [][]\OT1/cmtt/m/n/9 \optdef{d}{vol-2bf}{Volume and number bold}{as {\string\bf
\space vol(num)}} 
 []

[38]
Overfull \hbox (43.66232pt too wide) in paragraph at lines 2379--2379
 [][]\OT1/cmtt/m/n/9 \optdef{*}{num-xser}{Allows number without series}{and sup
presses word "number"} 
 []


Overfull \hbox (105.08661pt too wide) in paragraph at lines 2379--2379
 [][]\OT1/cmtt/m/n/9 \optdef{s}{}{Standard BibTeX}{as: "number 123 in Total Wor
ks"; error if number and no series} 
 []

[39]
Overfull \hbox (10.5877pt too wide) in paragraph at lines 2394--2394
 [][]\OT1/cmtt/m/n/9 \optdef{e}{ser-ed}{Series and volume after booktitle}{and 
before editors} 
 []

[40]
Overfull \hbox (1.13782pt too wide) in paragraph at lines 2462--2462
 [][]\OT1/cmtt/m/n/9 \optdef{d}{pub-date}{Publisher and date in parentheses}{(O
xford, 1994)} 
 []


Overfull \hbox (76.73694pt too wide) in paragraph at lines 2462--2462
 [][]\OT1/cmtt/m/n/9 \optdef{c}{pub-date,pub-xc}{Publisher and date in parenthe
ses, no comma}{(Oxford 1994)} 
 []


Overfull \hbox (57.83716pt too wide) in paragraph at lines 2462--2462
 [][]\OT1/cmtt/m/n/9 \optdef{f}{pub-date,pub-xpar}{Publisher and date without p
arentheses}{Oxford, 1994} 
 []


Overfull \hbox (114.5365pt too wide) in paragraph at lines 2462--2462
 [][]\OT1/cmtt/m/n/9 \optdef{k}{pub-date,pub-xpar,pub-xc}{Publisher and date, n
o parentheses, no comma}{Oxford 1994} 
 []

[41]
Overfull \hbox (48.38727pt too wide) in paragraph at lines 2500--2500
 [][]\OT1/cmtt/m/n/9 \optdef{u}{url-doi}{Format DOI as URL //dx.doi.org/doi}{(m
ust give url options!)} 
 []


Overfull \hbox (10.5877pt too wide) in paragraph at lines 2527--2527
 [][]\OT1/cmtt/m/n/9 \beginoptiongroup{`EDITOR' AFTER NAMES (EDITED BOOKS WITHO
UT AUTHORS):}{} 
 []


Overfull \hbox (24.76254pt too wide) in paragraph at lines 2527--2527
 [][]\OT1/cmtt/m/n/9 \optdef{a}{edpar}{`Name (editor),'}{in parentheses, after 
name, comma after} 
 []


Overfull \hbox (5.86276pt too wide) in paragraph at lines 2527--2527
 [][]\OT1/cmtt/m/n/9 \optdef{b}{edpar,bkedcap}{`Name (Editor),'}{as above, edit
or upper case} 
 []


Overfull \hbox (38.93738pt too wide) in paragraph at lines 2527--2527
 [][]\OT1/cmtt/m/n/9 \optdef{c}{edparc}{`Name, (editor)'}{in parentheses, after
 name, comma between} 
 []


Overfull \hbox (10.5877pt too wide) in paragraph at lines 2527--2527
 [][]\OT1/cmtt/m/n/9 \optdef{d}{edparc,bkedcap}{`Name, (Editor)'}{as above, edi
tor upper case} 
 []


Overfull \hbox (20.0376pt too wide) in paragraph at lines 2527--2527
 [][]\OT1/cmtt/m/n/9 \optdef{e}{edparxc}{`Name (editor)'}{in parentheses, after
 name, no commas} 
 []


Overfull \hbox (10.5877pt too wide) in paragraph at lines 2527--2527
 [][]\OT1/cmtt/m/n/9 \optdef{f}{edparxc,bkedcap}{`Name (Editor)'}{as above, edi
tor upper case} 
 []

[42]
Overfull \hbox (29.48749pt too wide) in paragraph at lines 2613--2613
 [][]\OT1/cmtt/m/n/9 \optdef{t}{blk-tit}{Period after titles of articles, books
, etc}{else commas} 
 []


Overfull \hbox (62.5621pt too wide) in paragraph at lines 2613--2613
 [][]\OT1/cmtt/m/n/9 \optdef{u}{blk-tit,tit-col}{Colon after titles of articles
, books, etc}{else commas} 
 []


Overfull \hbox (10.5877pt too wide) in paragraph at lines 2613--2613
 [][]\OT1/cmtt/m/n/9 \optdef{d}{blk-tita,tit-col}{Colon after titles of article
s}{else commas} 
 []

[43]
Overfull \hbox (15.31265pt too wide) in paragraph at lines 2634--2634
 [][]\OT1/cmtt/m/n/9 \optdef{i}{injnl}{Add `in' before journal name}{in style f
or incollection} 
 []

[44]
Overfull \hbox (5.86276pt too wide) in paragraph at lines 2694--2694
 [][]\OT1/cmtt/m/n/9 \optdef{*}{xedn}{Editions as in database}{saving much proc
essing memory} 
 []

[45]
Overfull \hbox (24.76254pt too wide) in paragraph at lines 2719--2719
 [][]\OT1/cmtt/m/n/9 \optdef{s}{jabr,jaa}{Abbreviated with astronomy shorthands
}{like ApJ and AJ} 
 []

[46] [47]
Overfull \hbox (53.11221pt too wide) in paragraph at lines 2838--2838
 [][]\OT1/cmtt/m/n/9 \optdef{e}{eprint}{Include eprint and archive fields}{for 
electronic publications} 
 []

[48]
Overfull \hbox (20.0376pt too wide) in paragraph at lines 2901--2901
 [][]\OT1/cmtt/m/n/9 \optdef{u}{em-ul}{Underlining}{in place of italics, best w
ith ulem package} 
 []


Overfull \hbox (1.13782pt too wide) in paragraph at lines 2917--2917
 [][]\OT1/cmtt/m/n/9 \optdef{*}{nfss}{Use LaTeX commands}{which may not work wi
th Plain TeX} 
 []

No file merlin.gls.
) [49] (./merlin.aux)

LaTeX Warning: There were undefined references.


LaTeX Warning: Label(s) may have changed. Rerun to get cross-references right.

 ) 
Here is how much of TeX's memory you used:
 602 strings out of 493489
 7525 string characters out of 3141349
 65572 words of memory out of 3000000
 3951 multiletter control sequences out of 15000+200000
 14003 words of font info for 50 fonts, out of 3000000 for 9000
 957 hyphenation exceptions out of 8191
 25i,6n,21p,226b,312s stack positions out of 5000i,500n,10000p,200000b,50000s

Output written on merlin.dvi (49 pages, 148844 bytes).
